Using pre-set license

 COMMAND LINE ARGUMENTS:
/Applications/Unity/Hub/Editor/2020.2.2f1/Unity.app/Contents/MacOS/Unity
-adb2
-batchMode
-noUpm
-name
AssetImportWorker0
-projectPath
/Users/matejplavevski/Documents/Projects/Unity/GlobalGameJam-2021
-logFile
Logs/AssetImportWorker0.log
-srvPort
52214
Successfully changed project path to: /Users/matejplavevski/Documents/Projects/Unity/GlobalGameJam-2021
/Users/matejplavevski/Documents/Projects/Unity/GlobalGameJam-2021
Using Asset Import Pipeline V2.
Refreshing native plugins compatible for Editor in 76.88 ms, found 1 plugins.
Preloading 0 native plugins for Editor in 0.00 ms.
Initialize engine version: 2020.2.2f1 (068178b99f32)
[Subsystems] Discovering subsystems at path /Applications/Unity/Hub/Editor/2020.2.2f1/Unity.app/Contents/Resources/UnitySubsystems
[Subsystems] Discovering subsystems at path /Users/matejplavevski/Documents/Projects/Unity/GlobalGameJam-2021/Assets
GfxDevice: creating device client; threaded=0
2021-01-28 18:39:49.693 Unity[37754:3565878] Color LCD preferred device: Intel(R) Iris(TM) Plus Graphics 640 (low power)
2021-01-28 18:39:49.693 Unity[37754:3565878] Metal devices available: 1
2021-01-28 18:39:49.693 Unity[37754:3565878] 0: Intel(R) Iris(TM) Plus Graphics 640 (low power)
2021-01-28 18:39:49.693 Unity[37754:3565878] Using device Intel(R) Iris(TM) Plus Graphics 640 (low power)
Initializing Metal device caps: Intel(R) Iris(TM) Plus Graphics 640
Initialize mono
Mono path[0] = '/Applications/Unity/Hub/Editor/2020.2.2f1/Unity.app/Contents/Managed'
Mono path[1] = '/Applications/Unity/Hub/Editor/2020.2.2f1/Unity.app/Contents/MonoBleedingEdge/lib/mono/unityjit'
Mono config path = '/Applications/Unity/Hub/Editor/2020.2.2f1/Unity.app/Contents/MonoBleedingEdge/etc'
Using monoOptions --debugger-agent=transport=dt_socket,embedding=1,server=y,suspend=n,address=127.0.0.1:56754
Begin MonoManager ReloadAssembly
Registering precompiled unity dll's ...
Register platform support module: /Applications/Unity/Hub/Editor/2020.2.2f1/Unity.app/Contents/PlaybackEngines/MacStandaloneSupport/UnityEditor.OSXStandalone.Extensions.dll
Registered in 0.001679 seconds.
Native extension for OSXStandalone target not found
Refreshing native plugins compatible for Editor in 58.06 ms, found 1 plugins.
Preloading 0 native plugins for Editor in 0.00 ms.
Invoked RoslynAnalysisRunner static constructor.
RoslynAnalysisRunner will not be running.
RoslynAnalysisRunner has terminated.
Mono: successfully reloaded assembly
- Completed reload, in  3.400 seconds
Platform modules already initialized, skipping
Registering precompiled user dll's ...
Registered in 0.007549 seconds.
Begin MonoManager ReloadAssembly
Native extension for OSXStandalone target not found
Refreshing native plugins compatible for Editor in 0.91 ms, found 1 plugins.
Preloading 0 native plugins for Editor in 0.00 ms.
Invoked RoslynAnalysisRunner static constructor.
RoslynAnalysisRunner will not be running.
RoslynAnalysisRunner has terminated.
Mono: successfully reloaded assembly
- Completed reload, in  1.761 seconds
Platform modules already initialized, skipping
========================================================================
Worker process is ready to serve import requests
Launching external process: /Applications/Unity/Hub/Editor/2020.2.2f1/Unity.app/Contents/Tools/UnityShaderCompiler
Launched and connected shader compiler UnityShaderCompiler after 0.03 seconds
Refreshing native plugins compatible for Editor in 0.73 ms, found 1 plugins.
Preloading 0 native plugins for Editor in 0.00 ms.
Unloading 1494 Unused Serialized files (Serialized files now loaded: 0)
System memory in use before: 124.3 MB.
System memory in use after: 124.4 MB.

Unloading 33 unused Assets to reduce memory usage. Loaded Objects now: 1921.
Total: 3.719879 ms (FindLiveObjects: 0.510555 ms CreateObjectMapping: 0.177110 ms MarkObjects: 2.910153 ms  DeleteObjects: 0.120449 ms)

========================================================================
Received Import Request.
  path: Assets/Readme.asset
  artifactKey: Guid(83c2ed844a8c74b779a4c823d16594b1) Importer(815301076,1909f56bfc062723c751e8b465ee728b)
Start importing Assets/Readme.asset using Guid(83c2ed844a8c74b779a4c823d16594b1) Importer(815301076,1909f56bfc062723c751e8b465ee728b)  -> (artifact id: '8460031099a9da2f2a287df3fb48b013') in 0.402450 seconds
  Import took 0.406858 seconds .

========================================================================
Received Import Request.
  Time since last request: 36.932071 seconds.
  path: Assets/Creator Kit - RPG/Scripts
  artifactKey: Guid(ff7f58b36ba2e4ca79137834b92cabb9) Importer(815301076,1909f56bfc062723c751e8b465ee728b)
Start importing Assets/Creator Kit - RPG/Scripts using Guid(ff7f58b36ba2e4ca79137834b92cabb9) Importer(815301076,1909f56bfc062723c751e8b465ee728b)  -> (artifact id: '4f9f6cfba6002d8259f8ce6831921feb') in 0.003228 seconds
  Import took 0.007836 seconds .

========================================================================
Received Import Request.
  Time since last request: 0.030941 seconds.
  path: Assets/Creator Kit - RPG/Scripts
  artifactKey: Guid(ff7f58b36ba2e4ca79137834b92cabb9) Importer(815301076,1909f56bfc062723c751e8b465ee728b)
Start importing Assets/Creator Kit - RPG/Scripts using Guid(ff7f58b36ba2e4ca79137834b92cabb9) Importer(815301076,1909f56bfc062723c751e8b465ee728b)  -> (artifact id: '4f9f6cfba6002d8259f8ce6831921feb') in 0.004537 seconds
  Import took 0.008010 seconds .

========================================================================
Received Import Request.
  Time since last request: 1.702440 seconds.
  path: Assets/Creator Kit - RPG/Scripts/Gameplay
  artifactKey: Guid(467f3f1700f104bdca1c78420950c919) Importer(815301076,1909f56bfc062723c751e8b465ee728b)
Start importing Assets/Creator Kit - RPG/Scripts/Gameplay using Guid(467f3f1700f104bdca1c78420950c919) Importer(815301076,1909f56bfc062723c751e8b465ee728b)  -> (artifact id: '0766ff410a17f5774b1a22d2b3d8d8c6') in 0.001682 seconds
  Import took 0.004995 seconds .

========================================================================
Received Import Request.
  Time since last request: 9.964060 seconds.
  path: Assets/Creator Kit - RPG/Scripts/Gameplay/StopTalking.cs
  artifactKey: Guid(89959f6960b8f4ffd93d42fa0a5402ea) Importer(815301076,1909f56bfc062723c751e8b465ee728b)
Start importing Assets/Creator Kit - RPG/Scripts/Gameplay/StopTalking.cs using Guid(89959f6960b8f4ffd93d42fa0a5402ea) Importer(815301076,1909f56bfc062723c751e8b465ee728b)  -> (artifact id: '9ef9ec9f7ea1afde88b96197981d5066') in 0.568310 seconds
  Import took 0.571313 seconds .

========================================================================
Received Prepare
Refreshing native plugins compatible for Editor in 11.94 ms, found 1 plugins.
Preloading 0 native plugins for Editor in 0.00 ms.
Unloading 24 Unused Serialized files (Serialized files now loaded: 0)
System memory in use before: 103.5 MB.
System memory in use after: 103.6 MB.

Unloading 22 unused Assets to reduce memory usage. Loaded Objects now: 1922.
Total: 5.287998 ms (FindLiveObjects: 0.302254 ms CreateObjectMapping: 0.127804 ms MarkObjects: 4.822130 ms  DeleteObjects: 0.033945 ms)

========================================================================
Received Import Request.
  Time since last request: 23.481202 seconds.
  path: Assets/Creator Kit - RPG/Scripts/Gameplay/Bush.cs
  artifactKey: Guid(527a28e87453347dfbc20fa6361dfec0) Importer(815301076,1909f56bfc062723c751e8b465ee728b)
Start importing Assets/Creator Kit - RPG/Scripts/Gameplay/Bush.cs using Guid(527a28e87453347dfbc20fa6361dfec0) Importer(815301076,1909f56bfc062723c751e8b465ee728b)  -> (artifact id: '37b6307b3e4a829814c1b3cbae296cfd') in 0.008928 seconds
  Import took 0.013055 seconds .

========================================================================
Received Import Request.
  Time since last request: 0.000890 seconds.
  path: Assets/Creator Kit - RPG/Scripts/Gameplay/Bush.cs
  artifactKey: Guid(527a28e87453347dfbc20fa6361dfec0) Importer(815301076,1909f56bfc062723c751e8b465ee728b)
Start importing Assets/Creator Kit - RPG/Scripts/Gameplay/Bush.cs using Guid(527a28e87453347dfbc20fa6361dfec0) Importer(815301076,1909f56bfc062723c751e8b465ee728b)  -> (artifact id: '37b6307b3e4a829814c1b3cbae296cfd') in 0.004959 seconds
  Import took 0.008531 seconds .

========================================================================
Received Prepare
Registering precompiled user dll's ...
Registered in 0.011518 seconds.
Begin MonoManager ReloadAssembly
Native extension for OSXStandalone target not found
Refreshing native plugins compatible for Editor in 0.46 ms, found 1 plugins.
Preloading 0 native plugins for Editor in 0.00 ms.
Invoked RoslynAnalysisRunner static constructor.
RoslynAnalysisRunner will not be running.
RoslynAnalysisRunner has terminated.
Mono: successfully reloaded assembly
- Completed reload, in  2.183 seconds
Platform modules already initialized, skipping
Refreshing native plugins compatible for Editor in 0.46 ms, found 1 plugins.
Preloading 0 native plugins for Editor in 0.00 ms.
Unloading 1477 Unused Serialized files (Serialized files now loaded: 0)
System memory in use before: 132.6 MB.
System memory in use after: 132.7 MB.

Unloading 24 unused Assets to reduce memory usage. Loaded Objects now: 1924.
Total: 2.607551 ms (FindLiveObjects: 0.526616 ms CreateObjectMapping: 0.106554 ms MarkObjects: 1.944469 ms  DeleteObjects: 0.027207 ms)

========================================================================
Received Import Request.
  Time since last request: 2354.204966 seconds.
  path: Assets/Creator Kit - RPG/Scripts/Gameplay/Bush.cs
  artifactKey: Guid(527a28e87453347dfbc20fa6361dfec0) Importer(815301076,1909f56bfc062723c751e8b465ee728b)
Start importing Assets/Creator Kit - RPG/Scripts/Gameplay/Bush.cs using Guid(527a28e87453347dfbc20fa6361dfec0) Importer(815301076,1909f56bfc062723c751e8b465ee728b)  -> (artifact id: 'eda451b62cc27c0b8d2001b23310e5d8') in 0.583595 seconds
  Import took 1.048201 seconds .

========================================================================
Received Prepare
Registering precompiled user dll's ...
Registered in 0.001336 seconds.
Begin MonoManager ReloadAssembly
Native extension for OSXStandalone target not found
Refreshing native plugins compatible for Editor in 0.86 ms, found 1 plugins.
Preloading 0 native plugins for Editor in 0.00 ms.
Invoked RoslynAnalysisRunner static constructor.
RoslynAnalysisRunner will not be running.
RoslynAnalysisRunner has terminated.
Mono: successfully reloaded assembly
- Completed reload, in  4.208 seconds
Platform modules already initialized, skipping
Refreshing native plugins compatible for Editor in 1.03 ms, found 1 plugins.
Preloading 0 native plugins for Editor in 0.00 ms.
Unloading 1477 Unused Serialized files (Serialized files now loaded: 0)
System memory in use before: 132.8 MB.
System memory in use after: 132.9 MB.

Unloading 24 unused Assets to reduce memory usage. Loaded Objects now: 1926.
Total: 14.267013 ms (FindLiveObjects: 3.803064 ms CreateObjectMapping: 0.154696 ms MarkObjects: 9.603015 ms  DeleteObjects: 0.704662 ms)

========================================================================
Received Import Request.
  Time since last request: 37.299885 seconds.
  path: Assets/Creator Kit - RPG/Scripts/Gameplay/GameController.cs
  artifactKey: Guid(4da2c0c10038c4ec396c908366f51660) Importer(815301076,1909f56bfc062723c751e8b465ee728b)
Start importing Assets/Creator Kit - RPG/Scripts/Gameplay/GameController.cs using Guid(4da2c0c10038c4ec396c908366f51660) Importer(815301076,1909f56bfc062723c751e8b465ee728b)  -> (artifact id: 'f262bcb5201db084852893a48c8f5774') in 0.018034 seconds
  Import took 0.029052 seconds .

========================================================================
Received Import Request.
  Time since last request: 0.000303 seconds.
  path: Assets/Creator Kit - RPG/Scripts/Gameplay/FootstepTimer.cs
  artifactKey: Guid(edb2c686a90254bc3af2e7d85967cbe0) Importer(815301076,1909f56bfc062723c751e8b465ee728b)
Start importing Assets/Creator Kit - RPG/Scripts/Gameplay/FootstepTimer.cs using Guid(edb2c686a90254bc3af2e7d85967cbe0) Importer(815301076,1909f56bfc062723c751e8b465ee728b)  -> (artifact id: 'f36e0d82aae24f8085dead01a06d5924') in 0.005997 seconds
  Import took 0.009882 seconds .

========================================================================
Received Import Request.
  Time since last request: 97.699889 seconds.
  path: Assets/Creator Kit - RPG/Materials/Cutscene.mat
  artifactKey: Guid(0bc281edaa3184ba8b57a35c2c5166fe) Importer(815301076,1909f56bfc062723c751e8b465ee728b)
Start importing Assets/Creator Kit - RPG/Materials/Cutscene.mat using Guid(0bc281edaa3184ba8b57a35c2c5166fe) Importer(815301076,1909f56bfc062723c751e8b465ee728b)  -> (artifact id: 'a54e71b8e8e577543c6b21637c78cbb7') in 0.938760 seconds
  Import took 1.064360 seconds .

========================================================================
Received Import Request.
  Time since last request: 0.002076 seconds.
  path: Assets/Creator Kit - RPG/Materials/Sprites.mat
  artifactKey: Guid(e129413db05d94ad28811d643da04b02) Importer(815301076,1909f56bfc062723c751e8b465ee728b)
Start importing Assets/Creator Kit - RPG/Materials/Sprites.mat using Guid(e129413db05d94ad28811d643da04b02) Importer(815301076,1909f56bfc062723c751e8b465ee728b)  -> (artifact id: '36aa2dd6dc83ee215039849ff1b6a35b') in 0.013094 seconds
  Import took 0.016214 seconds .

========================================================================
Received Import Request.
  Time since last request: 0.000827 seconds.
  path: Assets/Creator Kit - RPG/Materials/Cutscene.mat
  artifactKey: Guid(0bc281edaa3184ba8b57a35c2c5166fe) Importer(815301076,1909f56bfc062723c751e8b465ee728b)
Start importing Assets/Creator Kit - RPG/Materials/Cutscene.mat using Guid(0bc281edaa3184ba8b57a35c2c5166fe) Importer(815301076,1909f56bfc062723c751e8b465ee728b)  -> (artifact id: 'a54e71b8e8e577543c6b21637c78cbb7') in 0.007437 seconds
  Import took 0.011281 seconds .

========================================================================
Received Import Request.
  Time since last request: 0.000918 seconds.
  path: Assets/Creator Kit - RPG/Materials/Sprites.mat
  artifactKey: Guid(e129413db05d94ad28811d643da04b02) Importer(815301076,1909f56bfc062723c751e8b465ee728b)
Start importing Assets/Creator Kit - RPG/Materials/Sprites.mat using Guid(e129413db05d94ad28811d643da04b02) Importer(815301076,1909f56bfc062723c751e8b465ee728b)  -> (artifact id: '36aa2dd6dc83ee215039849ff1b6a35b') in 0.010123 seconds
  Import took 0.014165 seconds .

========================================================================
Received Import Request.
  Time since last request: 5.294787 seconds.
  path: Assets/Creator Kit - RPG/Art/Sprites
  artifactKey: Guid(41c83a1bfc4964a3ca4b3120a0ae491f) Importer(815301076,1909f56bfc062723c751e8b465ee728b)
Start importing Assets/Creator Kit - RPG/Art/Sprites using Guid(41c83a1bfc4964a3ca4b3120a0ae491f) Importer(815301076,1909f56bfc062723c751e8b465ee728b)  -> (artifact id: '87ae4f1d0c1c1d54830aa522b7f79aec') in 0.001441 seconds
  Import took 0.004316 seconds .

========================================================================
Received Import Request.
  Time since last request: 0.025403 seconds.
  path: Assets/Creator Kit - RPG/Art/Sprites
  artifactKey: Guid(41c83a1bfc4964a3ca4b3120a0ae491f) Importer(815301076,1909f56bfc062723c751e8b465ee728b)
Start importing Assets/Creator Kit - RPG/Art/Sprites using Guid(41c83a1bfc4964a3ca4b3120a0ae491f) Importer(815301076,1909f56bfc062723c751e8b465ee728b)  -> (artifact id: '87ae4f1d0c1c1d54830aa522b7f79aec') in 0.001233 seconds
  Import took 0.005011 seconds .

========================================================================
Received Import Request.
  Time since last request: 1.283330 seconds.
  path: Assets/Creator Kit - RPG/Art/Sprites/Animated Environment
  artifactKey: Guid(061f0d3f22cdeb14ab9c1680b6aa0973) Importer(815301076,1909f56bfc062723c751e8b465ee728b)
Start importing Assets/Creator Kit - RPG/Art/Sprites/Animated Environment using Guid(061f0d3f22cdeb14ab9c1680b6aa0973) Importer(815301076,1909f56bfc062723c751e8b465ee728b)  -> (artifact id: '0f51642f84008586a1842230c837a11e') in 0.003185 seconds
  Import took 0.012008 seconds .

========================================================================
Received Import Request.
  Time since last request: 0.104777 seconds.
  path: Assets/Creator Kit - RPG/Art/Sprites/Animated Environment/Animated_HighGrass_Sheet.png
  artifactKey: Guid(41a5838cb902bfa43b3d51f653cd804a) Importer(815301076,1909f56bfc062723c751e8b465ee728b)
Start importing Assets/Creator Kit - RPG/Art/Sprites/Animated Environment/Animated_HighGrass_Sheet.png using Guid(41a5838cb902bfa43b3d51f653cd804a) Importer(815301076,1909f56bfc062723c751e8b465ee728b)  -> (artifact id: '978bab707235f190b7734c59ed63faea') in 0.870262 seconds
  Import took 0.875797 seconds .

========================================================================
Received Import Request.
  Time since last request: 0.000277 seconds.
  path: Assets/Creator Kit - RPG/Art/Sprites/Animated Environment/Animated_WaterCorners_Sheet.png
  artifactKey: Guid(cb2c6dcd19a1c244c9fcc9bd04cebd2d) Importer(815301076,1909f56bfc062723c751e8b465ee728b)
Start importing Assets/Creator Kit - RPG/Art/Sprites/Animated Environment/Animated_WaterCorners_Sheet.png using Guid(cb2c6dcd19a1c244c9fcc9bd04cebd2d) Importer(815301076,1909f56bfc062723c751e8b465ee728b)  -> (artifact id: '973a8e6436db384154d61e9a7c31f91a') in 0.160039 seconds
  Import took 0.163530 seconds .

========================================================================
Received Import Request.
  Time since last request: 0.003018 seconds.
  path: Assets/Creator Kit - RPG/Art/Sprites/Animated Environment/Animated_Leaves_Sheet.png
  artifactKey: Guid(96e993a3f475b384f845f47980d6d932) Importer(815301076,1909f56bfc062723c751e8b465ee728b)
Start importing Assets/Creator Kit - RPG/Art/Sprites/Animated Environment/Animated_Leaves_Sheet.png using Guid(96e993a3f475b384f845f47980d6d932) Importer(815301076,1909f56bfc062723c751e8b465ee728b)  -> (artifact id: '909d02af9b972eae3284675d3ae66423') in 0.028664 seconds
  Import took 0.032327 seconds .

========================================================================
Received Import Request.
  Time since last request: 0.000346 seconds.
  path: Assets/Creator Kit - RPG/Art/Sprites/Animated Environment/Animated_Water_Sheet.png
  artifactKey: Guid(aaa735c5fdc695d4691e911ab4338879) Importer(815301076,1909f56bfc062723c751e8b465ee728b)
Start importing Assets/Creator Kit - RPG/Art/Sprites/Animated Environment/Animated_Water_Sheet.png using Guid(aaa735c5fdc695d4691e911ab4338879) Importer(815301076,1909f56bfc062723c751e8b465ee728b)  -> (artifact id: 'bebead3e847d52c2ba9b5ef0fc6098cd') in 0.223604 seconds
  Import took 0.226741 seconds .

========================================================================
Received Import Request.
  Time since last request: 0.000425 seconds.
  path: Assets/Creator Kit - RPG/Art/Sprites/Animated Environment/Animated_Leaves_Sheet.png
  artifactKey: Guid(96e993a3f475b384f845f47980d6d932) Importer(815301076,1909f56bfc062723c751e8b465ee728b)
Start importing Assets/Creator Kit - RPG/Art/Sprites/Animated Environment/Animated_Leaves_Sheet.png using Guid(96e993a3f475b384f845f47980d6d932) Importer(815301076,1909f56bfc062723c751e8b465ee728b)  -> (artifact id: '909d02af9b972eae3284675d3ae66423') in 0.026949 seconds
  Import took 0.029897 seconds .

========================================================================
Received Import Request.
  Time since last request: 0.000291 seconds.
  path: Assets/Creator Kit - RPG/Art/Sprites/Animated Environment/Animated_Tree1_Sheet.png
  artifactKey: Guid(c12a9ef0e75f18949a86a10822cf29f5) Importer(815301076,1909f56bfc062723c751e8b465ee728b)
Start importing Assets/Creator Kit - RPG/Art/Sprites/Animated Environment/Animated_Tree1_Sheet.png using Guid(c12a9ef0e75f18949a86a10822cf29f5) Importer(815301076,1909f56bfc062723c751e8b465ee728b)  -> (artifact id: '9f6e92b41402aecbbb673de88bba5abb') in 0.056897 seconds
  Import took 0.060365 seconds .

========================================================================
Received Import Request.
  Time since last request: 0.000872 seconds.
  path: Assets/Creator Kit - RPG/Art/Sprites/Animated Environment/Animated_Smoke_Sheet.png
  artifactKey: Guid(5cc535ba862941440a276a5629cd0391) Importer(815301076,1909f56bfc062723c751e8b465ee728b)
Start importing Assets/Creator Kit - RPG/Art/Sprites/Animated Environment/Animated_Smoke_Sheet.png using Guid(5cc535ba862941440a276a5629cd0391) Importer(815301076,1909f56bfc062723c751e8b465ee728b)  -> (artifact id: 'e0233b28983983f842586795019722f7') in 0.045358 seconds
  Import took 0.048904 seconds .

========================================================================
Received Import Request.
  Time since last request: 0.000212 seconds.
  path: Assets/Creator Kit - RPG/Art/Sprites/Animated Environment/Animated_Tree2_Sheet.png
  artifactKey: Guid(4c4775fa3485eda4197558b5d1206d16) Importer(815301076,1909f56bfc062723c751e8b465ee728b)
Start importing Assets/Creator Kit - RPG/Art/Sprites/Animated Environment/Animated_Tree2_Sheet.png using Guid(4c4775fa3485eda4197558b5d1206d16) Importer(815301076,1909f56bfc062723c751e8b465ee728b)  -> (artifact id: '16dda4a00340a7bf78b9845166da0e17') in 0.051865 seconds
  Import took 0.055474 seconds .

========================================================================
Received Import Request.
  Time since last request: 0.000259 seconds.
  path: Assets/Creator Kit - RPG/Art/Sprites/Animated Environment/Animated_Tree3_Sheet.png
  artifactKey: Guid(12d14b4f7de20ff4da9bc415c17c4162) Importer(815301076,1909f56bfc062723c751e8b465ee728b)
Start importing Assets/Creator Kit - RPG/Art/Sprites/Animated Environment/Animated_Tree3_Sheet.png using Guid(12d14b4f7de20ff4da9bc415c17c4162) Importer(815301076,1909f56bfc062723c751e8b465ee728b)  -> (artifact id: 'ce055cbd6ec27b9c51b2ec512bd68d89') in 0.059739 seconds
  Import took 0.063423 seconds .

========================================================================
Received Import Request.
  Time since last request: 0.024633 seconds.
  path: Assets/Creator Kit - RPG/Art/Sprites/Animated Environment/Animated_Tree3_Sheet.png
  artifactKey: Guid(12d14b4f7de20ff4da9bc415c17c4162) Importer(815301076,1909f56bfc062723c751e8b465ee728b)
Start importing Assets/Creator Kit - RPG/Art/Sprites/Animated Environment/Animated_Tree3_Sheet.png using Guid(12d14b4f7de20ff4da9bc415c17c4162) Importer(815301076,1909f56bfc062723c751e8b465ee728b)  -> (artifact id: 'ce055cbd6ec27b9c51b2ec512bd68d89') in 0.067958 seconds
  Import took 0.072033 seconds .

========================================================================
Received Import Request.
  Time since last request: 3.510097 seconds.
  path: Assets/Creator Kit - RPG/Art/Sprites/Animated Environment/Materials
  artifactKey: Guid(fd42c4281a96eff4eaaf130dfb11f1da) Importer(815301076,1909f56bfc062723c751e8b465ee728b)
Start importing Assets/Creator Kit - RPG/Art/Sprites/Animated Environment/Materials using Guid(fd42c4281a96eff4eaaf130dfb11f1da) Importer(815301076,1909f56bfc062723c751e8b465ee728b)  -> (artifact id: '92d2f6ea2ad047dd55ee001d3a6c2f81') in 0.002474 seconds
  Import took 0.007027 seconds .

========================================================================
Received Import Request.
  Time since last request: 0.084331 seconds.
  path: Assets/Creator Kit - RPG/Art/Sprites/Animated Environment/Materials/animated tree.mat
  artifactKey: Guid(358e783f7c908e844b7039f884f9af6b) Importer(815301076,1909f56bfc062723c751e8b465ee728b)
Start importing Assets/Creator Kit - RPG/Art/Sprites/Animated Environment/Materials/animated tree.mat using Guid(358e783f7c908e844b7039f884f9af6b) Importer(815301076,1909f56bfc062723c751e8b465ee728b)  -> (artifact id: '325d951fafef14a16ad728df88297968') in 0.119572 seconds
  Import took 0.123277 seconds .

========================================================================
Received Import Request.
  Time since last request: 0.000234 seconds.
  path: Assets/Creator Kit - RPG/Art/Sprites/Animated Environment/Materials/water.mat
  artifactKey: Guid(3671cfb5fed740d45b83f09576b62db7) Importer(815301076,1909f56bfc062723c751e8b465ee728b)
Start importing Assets/Creator Kit - RPG/Art/Sprites/Animated Environment/Materials/water.mat using Guid(3671cfb5fed740d45b83f09576b62db7) Importer(815301076,1909f56bfc062723c751e8b465ee728b)  -> (artifact id: 'a92f8efbcbf9a955122565433f748e62') in 0.013198 seconds
  Import took 0.016841 seconds .

========================================================================
Received Import Request.
  Time since last request: 2.283952 seconds.
  path: Assets/Creator Kit - RPG/Art/Animators/Archer-Override.overrideController
  artifactKey: Guid(7ee3425d802434ff69fadaff765bcb79) Importer(815301076,1909f56bfc062723c751e8b465ee728b)
Start importing Assets/Creator Kit - RPG/Art/Animators/Archer-Override.overrideController using Guid(7ee3425d802434ff69fadaff765bcb79) Importer(815301076,1909f56bfc062723c751e8b465ee728b)  -> (artifact id: '76ed19ea9d3020afc1677649aa657429') in 0.232341 seconds
  Import took 0.240924 seconds .

========================================================================
Received Import Request.
  Time since last request: 0.000309 seconds.
  path: Assets/Creator Kit - RPG/Art/Animators/Thief-Override.overrideController
  artifactKey: Guid(7bfb43d7068f94aff8f20e9a7916bee6) Importer(815301076,1909f56bfc062723c751e8b465ee728b)
Start importing Assets/Creator Kit - RPG/Art/Animators/Thief-Override.overrideController using Guid(7bfb43d7068f94aff8f20e9a7916bee6) Importer(815301076,1909f56bfc062723c751e8b465ee728b)  -> (artifact id: 'a5d57f66e6a027b01c18e69b94009f47') in 0.009224 seconds
  Import took 0.013302 seconds .

========================================================================
Received Import Request.
  Time since last request: 0.000286 seconds.
  path: Assets/Creator Kit - RPG/Art/Animators/Warrior-Override.overrideController
  artifactKey: Guid(3caa1e5e0e6c343d69793b2b5dd95939) Importer(815301076,1909f56bfc062723c751e8b465ee728b)
Start importing Assets/Creator Kit - RPG/Art/Animators/Warrior-Override.overrideController using Guid(3caa1e5e0e6c343d69793b2b5dd95939) Importer(815301076,1909f56bfc062723c751e8b465ee728b)  -> (artifact id: 'b1ae2f6651475f2942218bfc6b37f72b') in 0.016853 seconds
  Import took 0.022873 seconds .

========================================================================
Received Import Request.
  Time since last request: 2.740580 seconds.
  path: Assets/Creator Kit - RPG/Art/Animations/Environment
  artifactKey: Guid(d017b8efc9edff844b9751cd530d5e99) Importer(815301076,1909f56bfc062723c751e8b465ee728b)
Start importing Assets/Creator Kit - RPG/Art/Animations/Environment using Guid(d017b8efc9edff844b9751cd530d5e99) Importer(815301076,1909f56bfc062723c751e8b465ee728b)  -> (artifact id: '452c519c46dd312dba66f19cd0ae1dd9') in 0.001634 seconds
  Import took 0.012113 seconds .

========================================================================
Received Import Request.
  Time since last request: 1.079329 seconds.
  path: Assets/Creator Kit - RPG/Art/Animations/Environment/AnimatedSmoke.anim
  artifactKey: Guid(e36b1ed7430e3384995e4ef5cefee8a0) Importer(815301076,1909f56bfc062723c751e8b465ee728b)
Start importing Assets/Creator Kit - RPG/Art/Animations/Environment/AnimatedSmoke.anim using Guid(e36b1ed7430e3384995e4ef5cefee8a0) Importer(815301076,1909f56bfc062723c751e8b465ee728b)  -> (artifact id: '345adb97add2a0448c9ddc08db1e96e4') in 0.519128 seconds
  Import took 0.529257 seconds .

========================================================================
Received Import Request.
  Time since last request: 6.756044 seconds.
  path: Assets/Creator Kit - RPG/Art/Sprites/UI
  artifactKey: Guid(0165c90fd8d6e3340982e12bc998800e) Importer(815301076,1909f56bfc062723c751e8b465ee728b)
Start importing Assets/Creator Kit - RPG/Art/Sprites/UI using Guid(0165c90fd8d6e3340982e12bc998800e) Importer(815301076,1909f56bfc062723c751e8b465ee728b)  -> (artifact id: 'ef82d3f0075afecb0193ad24888402bf') in 0.001396 seconds
  Import took 0.009223 seconds .

========================================================================
Received Import Request.
  Time since last request: 0.084140 seconds.
  path: Assets/Creator Kit - RPG/Art/Sprites/UI/DialogueBar.psd
  artifactKey: Guid(864d53185d49afd4ba160601369e6557) Importer(815301076,1909f56bfc062723c751e8b465ee728b)
Start importing Assets/Creator Kit - RPG/Art/Sprites/UI/DialogueBar.psd using Guid(864d53185d49afd4ba160601369e6557) Importer(815301076,1909f56bfc062723c751e8b465ee728b)  -> (artifact id: 'f35bb3fc08ccd615f861073eceb75ed8') in 0.466850 seconds
  Import took 0.472705 seconds .

========================================================================
Received Import Request.
  Time since last request: 4.053174 seconds.
  path: Assets/Creator Kit - RPG/Art/Sprites/Floors/Tiles_DarkGrasstoGrass.png
  artifactKey: Guid(c0a5a87d19188f54ebc44df12c0ef2c5) Importer(815301076,1909f56bfc062723c751e8b465ee728b)
Start importing Assets/Creator Kit - RPG/Art/Sprites/Floors/Tiles_DarkGrasstoGrass.png using Guid(c0a5a87d19188f54ebc44df12c0ef2c5) Importer(815301076,1909f56bfc062723c751e8b465ee728b)  -> (artifact id: '8a49a8b96a59b923fc89515c2ed00a6d') in 0.070651 seconds
  Import took 0.076184 seconds .

========================================================================
Received Import Request.
  Time since last request: 0.000271 seconds.
  path: Assets/Creator Kit - RPG/Art/Sprites/Floors/Tiles_GrassVariant.png
  artifactKey: Guid(84497fb83bb127248be9d1bc49bfd586) Importer(815301076,1909f56bfc062723c751e8b465ee728b)
Start importing Assets/Creator Kit - RPG/Art/Sprites/Floors/Tiles_GrassVariant.png using Guid(84497fb83bb127248be9d1bc49bfd586) Importer(815301076,1909f56bfc062723c751e8b465ee728b)  -> (artifact id: 'e50901c4999d99c42ec334397e9f4fe5') in 0.072616 seconds
  Import took 0.079845 seconds .

========================================================================
Received Import Request.
  Time since last request: 0.012090 seconds.
  path: Assets/Creator Kit - RPG/Art/Sprites/Floors/Tiles_Grass.png
  artifactKey: Guid(f0c5dcd8670748f44885d4dd86ca8c11) Importer(815301076,1909f56bfc062723c751e8b465ee728b)
Start importing Assets/Creator Kit - RPG/Art/Sprites/Floors/Tiles_Grass.png using Guid(f0c5dcd8670748f44885d4dd86ca8c11) Importer(815301076,1909f56bfc062723c751e8b465ee728b)  -> (artifact id: '632002f821d649e82e613d79ae48cda7') in 0.059471 seconds
  Import took 0.065382 seconds .

========================================================================
Received Import Request.
  Time since last request: 0.005530 seconds.
  path: Assets/Creator Kit - RPG/Art/Sprites/Floors/Tiles_DesertToGrass.png
  artifactKey: Guid(e1a1413c04362fd45b5c32ba9200e42b) Importer(815301076,1909f56bfc062723c751e8b465ee728b)
Start importing Assets/Creator Kit - RPG/Art/Sprites/Floors/Tiles_DesertToGrass.png using Guid(e1a1413c04362fd45b5c32ba9200e42b) Importer(815301076,1909f56bfc062723c751e8b465ee728b)  -> (artifact id: 'd02f052c58e52dba3e7efa8bd77aae04') in 0.089619 seconds
  Import took 0.103273 seconds .

========================================================================
Received Import Request.
  Time since last request: 0.000224 seconds.
  path: Assets/Creator Kit - RPG/Art/Sprites/Floors/Tiles_Desert.png
  artifactKey: Guid(3fee7df828e6f284bbcf208bce9c5e21) Importer(815301076,1909f56bfc062723c751e8b465ee728b)
Start importing Assets/Creator Kit - RPG/Art/Sprites/Floors/Tiles_Desert.png using Guid(3fee7df828e6f284bbcf208bce9c5e21) Importer(815301076,1909f56bfc062723c751e8b465ee728b)  -> (artifact id: '27b03c68a415f88a8ec7a548bb387410') in 0.049543 seconds
  Import took 0.053916 seconds .

========================================================================
Received Import Request.
  Time since last request: 0.000354 seconds.
  path: Assets/Creator Kit - RPG/Art/Sprites/Floors/Tiles_GrassToDesert.png
  artifactKey: Guid(78ad6eb3988a8e440bbf2a9ecc2d918f) Importer(815301076,1909f56bfc062723c751e8b465ee728b)
Start importing Assets/Creator Kit - RPG/Art/Sprites/Floors/Tiles_GrassToDesert.png using Guid(78ad6eb3988a8e440bbf2a9ecc2d918f) Importer(815301076,1909f56bfc062723c751e8b465ee728b)  -> (artifact id: 'a440f3d1451e172d4929720915c677ee') in 0.041683 seconds
  Import took 0.044541 seconds .

========================================================================
Received Import Request.
  Time since last request: 1.514579 seconds.
  path: Assets/Creator Kit - RPG/Art/Sprites/Environment/Cloud1.png
  artifactKey: Guid(3dd7a0a47117acb40adbfe0778729b81) Importer(815301076,1909f56bfc062723c751e8b465ee728b)
Start importing Assets/Creator Kit - RPG/Art/Sprites/Environment/Cloud1.png using Guid(3dd7a0a47117acb40adbfe0778729b81) Importer(815301076,1909f56bfc062723c751e8b465ee728b)  -> (artifact id: '7136bf1dbba1499439cea19d943caa2c') in 0.027430 seconds
  Import took 0.031773 seconds .

========================================================================
Received Import Request.
  Time since last request: 0.002186 seconds.
  path: Assets/Creator Kit - RPG/Art/Sprites/Environment/Cloud2.png
  artifactKey: Guid(8770f05271826164aadd939d4728d3a1) Importer(815301076,1909f56bfc062723c751e8b465ee728b)
Start importing Assets/Creator Kit - RPG/Art/Sprites/Environment/Cloud2.png using Guid(8770f05271826164aadd939d4728d3a1) Importer(815301076,1909f56bfc062723c751e8b465ee728b)  -> (artifact id: '59c35e5c49675956c264058c5b56b6cf') in 0.017484 seconds
  Import took 0.022822 seconds .

========================================================================
Received Import Request.
  Time since last request: 0.002342 seconds.
  path: Assets/Creator Kit - RPG/Art/Sprites/Environment/Fence.png
  artifactKey: Guid(a53d2c44340a6d14ea260ceefba9a1e8) Importer(815301076,1909f56bfc062723c751e8b465ee728b)
Start importing Assets/Creator Kit - RPG/Art/Sprites/Environment/Fence.png using Guid(a53d2c44340a6d14ea260ceefba9a1e8) Importer(815301076,1909f56bfc062723c751e8b465ee728b)  -> (artifact id: '4c7aeedd4ba1ccfbcb5ff400549a823e') in 0.066057 seconds
  Import took 0.071948 seconds .

========================================================================
Received Import Request.
  Time since last request: 0.000438 seconds.
  path: Assets/Creator Kit - RPG/Art/Sprites/Environment/HouseRoof.png
  artifactKey: Guid(b694b22057cf35c4e96748f66d3f1f75) Importer(815301076,1909f56bfc062723c751e8b465ee728b)
Start importing Assets/Creator Kit - RPG/Art/Sprites/Environment/HouseRoof.png using Guid(b694b22057cf35c4e96748f66d3f1f75) Importer(815301076,1909f56bfc062723c751e8b465ee728b)  -> (artifact id: '6b78e354279e60613294055fa7d34e28') in 0.011713 seconds
  Import took 0.015418 seconds .

========================================================================
Received Import Request.
  Time since last request: 0.000217 seconds.
  path: Assets/Creator Kit - RPG/Art/Sprites/Environment/static environment objects.png
  artifactKey: Guid(e10c13642d970a64cbfb16f898fcd46c) Importer(815301076,1909f56bfc062723c751e8b465ee728b)
Start importing Assets/Creator Kit - RPG/Art/Sprites/Environment/static environment objects.png using Guid(e10c13642d970a64cbfb16f898fcd46c) Importer(815301076,1909f56bfc062723c751e8b465ee728b)  -> (artifact id: '042c33910daf5216070d9a9d463c033f') in 0.045025 seconds
  Import took 0.048341 seconds .

========================================================================
Received Import Request.
  Time since last request: 0.000797 seconds.
  path: Assets/Creator Kit - RPG/Art/Sprites/Environment/RockCliff.png
  artifactKey: Guid(b63a2439c80a4fe45bfe85f860f4b8d9) Importer(815301076,1909f56bfc062723c751e8b465ee728b)
Start importing Assets/Creator Kit - RPG/Art/Sprites/Environment/RockCliff.png using Guid(b63a2439c80a4fe45bfe85f860f4b8d9) Importer(815301076,1909f56bfc062723c751e8b465ee728b)  -> (artifact id: 'a40f445097c10964d22e5b2128504ccf') in 0.026278 seconds
  Import took 0.030610 seconds .

========================================================================
Received Import Request.
  Time since last request: 0.000287 seconds.
  path: Assets/Creator Kit - RPG/Art/Sprites/Environment/House.png
  artifactKey: Guid(8a9662b554744da4e97ed5bba5353115) Importer(815301076,1909f56bfc062723c751e8b465ee728b)
Start importing Assets/Creator Kit - RPG/Art/Sprites/Environment/House.png using Guid(8a9662b554744da4e97ed5bba5353115) Importer(815301076,1909f56bfc062723c751e8b465ee728b)  -> (artifact id: 'f62c63639bd7306362f9a7623e67cc7a') in 0.113882 seconds
  Import took 0.117655 seconds .

========================================================================
Received Import Request.
  Time since last request: 0.000250 seconds.
  path: Assets/Creator Kit - RPG/Art/Sprites/Environment/HouseChimney.png
  artifactKey: Guid(abdcf40be89574346bcdb8a45022ba72) Importer(815301076,1909f56bfc062723c751e8b465ee728b)
Start importing Assets/Creator Kit - RPG/Art/Sprites/Environment/HouseChimney.png using Guid(abdcf40be89574346bcdb8a45022ba72) Importer(815301076,1909f56bfc062723c751e8b465ee728b)  -> (artifact id: '1f80494a8b8776a0838967e05dd9ba72') in 0.014795 seconds
  Import took 0.019476 seconds .

========================================================================
Received Import Request.
  Time since last request: 0.000295 seconds.
  path: Assets/Creator Kit - RPG/Art/Sprites/Environment/Cloud3.png
  artifactKey: Guid(f3fd60347f10d1f46aa6495101e7de38) Importer(815301076,1909f56bfc062723c751e8b465ee728b)
Start importing Assets/Creator Kit - RPG/Art/Sprites/Environment/Cloud3.png using Guid(f3fd60347f10d1f46aa6495101e7de38) Importer(815301076,1909f56bfc062723c751e8b465ee728b)  -> (artifact id: 'e708d5df4123fbcc618c1ca15501b6a4') in 0.013014 seconds
  Import took 0.018262 seconds .

========================================================================
Received Import Request.
  Time since last request: 0.000894 seconds.
  path: Assets/Creator Kit - RPG/Art/Sprites/Environment/Items.png
  artifactKey: Guid(a4dbce958f01af8489942a973bfe20c3) Importer(815301076,1909f56bfc062723c751e8b465ee728b)
Start importing Assets/Creator Kit - RPG/Art/Sprites/Environment/Items.png using Guid(a4dbce958f01af8489942a973bfe20c3) Importer(815301076,1909f56bfc062723c751e8b465ee728b)  -> (artifact id: 'd2a120db883dcb52dd30efb708a120d7') in 0.056984 seconds
  Import took 0.062740 seconds .

========================================================================
Received Import Request.
  Time since last request: 0.000299 seconds.
  path: Assets/Creator Kit - RPG/Art/Sprites/Environment/Pipeline_Walkpath.png
  artifactKey: Guid(4567a16d0e0692048b18bfbb59a5b426) Importer(815301076,1909f56bfc062723c751e8b465ee728b)
Start importing Assets/Creator Kit - RPG/Art/Sprites/Environment/Pipeline_Walkpath.png using Guid(4567a16d0e0692048b18bfbb59a5b426) Importer(815301076,1909f56bfc062723c751e8b465ee728b)  -> (artifact id: '2661990631199458ea7392d682f81ec3') in 0.074024 seconds
  Import took 0.079195 seconds .

========================================================================
Received Import Request.
  Time since last request: 0.000341 seconds.
  path: Assets/Creator Kit - RPG/Art/Sprites/Environment/Pipeline_StoneWalkpath.png
  artifactKey: Guid(b2cf06612d923d6438d12b0d3a2c7ecc) Importer(815301076,1909f56bfc062723c751e8b465ee728b)
Start importing Assets/Creator Kit - RPG/Art/Sprites/Environment/Pipeline_StoneWalkpath.png using Guid(b2cf06612d923d6438d12b0d3a2c7ecc) Importer(815301076,1909f56bfc062723c751e8b465ee728b)  -> (artifact id: '3e985db8d100b08f8ae16cc331afd522') in 0.068518 seconds
  Import took 0.072045 seconds .

========================================================================
Received Prepare
Registering precompiled user dll's ...
Registered in 0.006975 seconds.
Begin MonoManager ReloadAssembly
Native extension for OSXStandalone target not found
Refreshing native plugins compatible for Editor in 3.27 ms, found 1 plugins.
Preloading 0 native plugins for Editor in 0.00 ms.
Invoked RoslynAnalysisRunner static constructor.
RoslynAnalysisRunner will not be running.
RoslynAnalysisRunner has terminated.
Mono: successfully reloaded assembly
- Completed reload, in  7.928 seconds
Platform modules already initialized, skipping
Refreshing native plugins compatible for Editor in 1.60 ms, found 1 plugins.
Preloading 0 native plugins for Editor in 0.00 ms.
Unloading 1477 Unused Serialized files (Serialized files now loaded: 0)
System memory in use before: 159.6 MB.
System memory in use after: 159.7 MB.

Unloading 24 unused Assets to reduce memory usage. Loaded Objects now: 1997.
Total: 41.495778 ms (FindLiveObjects: 12.379290 ms CreateObjectMapping: 0.175874 ms MarkObjects: 28.888053 ms  DeleteObjects: 0.048371 ms)

========================================================================
Received Import Request.
  Time since last request: 5664.281276 seconds.
  path: ProjectSettings/TagManager.asset
  artifactKey: Guid(00000000000000003000000000000000) Importer(815301076,1909f56bfc062723c751e8b465ee728b)
Start importing ProjectSettings/TagManager.asset using Guid(00000000000000003000000000000000) Importer(815301076,1909f56bfc062723c751e8b465ee728b)  -> (artifact id: 'd011c476528a397402845012d1a5f6a8') in 1.487780 seconds
  Import took 2.382365 seconds .

========================================================================
Received Import Request.
  Time since last request: 172.401425 seconds.
  path: Assets/topce.png
  artifactKey: Guid(3eecdb00224c74915ad5a2299f0adf51) Importer(815301076,1909f56bfc062723c751e8b465ee728b)
Start importing Assets/topce.png using Guid(3eecdb00224c74915ad5a2299f0adf51) Importer(815301076,1909f56bfc062723c751e8b465ee728b)  -> (artifact id: 'a2cfa59f003776ec3312a780a067a13f') in 1.061945 seconds
  Import took 1.154835 seconds .

========================================================================
Received Prepare
Registering precompiled user dll's ...
Registered in 0.015833 seconds.
Begin MonoManager ReloadAssembly
Native extension for OSXStandalone target not found
Refreshing native plugins compatible for Editor in 50.37 ms, found 1 plugins.
Preloading 0 native plugins for Editor in 0.00 ms.
Invoked RoslynAnalysisRunner static constructor.
RoslynAnalysisRunner will not be running.
RoslynAnalysisRunner has terminated.
Mono: successfully reloaded assembly
- Completed reload, in  5.320 seconds
Platform modules already initialized, skipping
Refreshing native plugins compatible for Editor in 0.80 ms, found 1 plugins.
Preloading 0 native plugins for Editor in 0.00 ms.
Unloading 1477 Unused Serialized files (Serialized files now loaded: 0)
System memory in use before: 160.2 MB.
System memory in use after: 160.3 MB.

Unloading 25 unused Assets to reduce memory usage. Loaded Objects now: 2000.
Total: 96.940314 ms (FindLiveObjects: 6.033985 ms CreateObjectMapping: 0.418209 ms MarkObjects: 89.747859 ms  DeleteObjects: 0.737254 ms)

========================================================================
Received Prepare
Registering precompiled user dll's ...
Registered in 0.014063 seconds.
Begin MonoManager ReloadAssembly
Native extension for OSXStandalone target not found
Refreshing native plugins compatible for Editor in 59.85 ms, found 1 plugins.
Preloading 0 native plugins for Editor in 0.00 ms.
Invoked RoslynAnalysisRunner static constructor.
RoslynAnalysisRunner will not be running.
RoslynAnalysisRunner has terminated.
Mono: successfully reloaded assembly
- Completed reload, in 28.627 seconds
Platform modules already initialized, skipping
Refreshing native plugins compatible for Editor in 1.08 ms, found 1 plugins.
Preloading 0 native plugins for Editor in 0.00 ms.
Unloading 1477 Unused Serialized files (Serialized files now loaded: 0)
System memory in use before: 160.5 MB.
System memory in use after: 160.6 MB.

Unloading 24 unused Assets to reduce memory usage. Loaded Objects now: 2002.
Total: 74.366834 ms (FindLiveObjects: 11.010899 ms CreateObjectMapping: 2.569791 ms MarkObjects: 59.431934 ms  DeleteObjects: 1.340554 ms)

========================================================================
Received Prepare
Registering precompiled user dll's ...
Registered in 0.229990 seconds.
Begin MonoManager ReloadAssembly
Native extension for OSXStandalone target not found
Refreshing native plugins compatible for Editor in 48.89 ms, found 1 plugins.
Preloading 0 native plugins for Editor in 0.00 ms.
Invoked RoslynAnalysisRunner static constructor.
RoslynAnalysisRunner will not be running.
RoslynAnalysisRunner has terminated.
Mono: successfully reloaded assembly
- Completed reload, in 18.613 seconds
Platform modules already initialized, skipping
Refreshing native plugins compatible for Editor in 0.90 ms, found 1 plugins.
Preloading 0 native plugins for Editor in 0.00 ms.
Unloading 1477 Unused Serialized files (Serialized files now loaded: 0)
System memory in use before: 160.1 MB.
System memory in use after: 160.2 MB.

Unloading 24 unused Assets to reduce memory usage. Loaded Objects now: 2004.
Total: 37.349491 ms (FindLiveObjects: 8.690546 ms CreateObjectMapping: 0.425849 ms MarkObjects: 26.394908 ms  DeleteObjects: 1.835207 ms)

AssetImportWorkerClient::OnTransportError - code=2 error=End of file
