Using pre-set license

 COMMAND LINE ARGUMENTS:
/Applications/Unity/Hub/Editor/2020.2.2f1/Unity.app/Contents/MacOS/Unity
-adb2
-batchMode
-noUpm
-name
AssetImportWorker0
-projectPath
/Users/matejplavevski/Documents/Projects/Unity/GlobalGameJam-2021
-logFile
Logs/AssetImportWorker0.log
-srvPort
61928
Successfully changed project path to: /Users/matejplavevski/Documents/Projects/Unity/GlobalGameJam-2021
/Users/matejplavevski/Documents/Projects/Unity/GlobalGameJam-2021
Using Asset Import Pipeline V2.
Refreshing native plugins compatible for Editor in 469.26 ms, found 1 plugins.
Preloading 0 native plugins for Editor in 0.00 ms.
Initialize engine version: 2020.2.2f1 (068178b99f32)
[Subsystems] Discovering subsystems at path /Applications/Unity/Hub/Editor/2020.2.2f1/Unity.app/Contents/Resources/UnitySubsystems
[Subsystems] Discovering subsystems at path /Users/matejplavevski/Documents/Projects/Unity/GlobalGameJam-2021/Assets
GfxDevice: creating device client; threaded=0
2021-01-28 11:22:49.006 Unity[30500:3322169] Color LCD preferred device: Intel(R) Iris(TM) Plus Graphics 640 (low power)
2021-01-28 11:22:49.006 Unity[30500:3322169] Metal devices available: 1
2021-01-28 11:22:49.006 Unity[30500:3322169] 0: Intel(R) Iris(TM) Plus Graphics 640 (low power)
2021-01-28 11:22:49.009 Unity[30500:3322169] Using device Intel(R) Iris(TM) Plus Graphics 640 (low power)
Initializing Metal device caps: Intel(R) Iris(TM) Plus Graphics 640
Initialize mono
Mono path[0] = '/Applications/Unity/Hub/Editor/2020.2.2f1/Unity.app/Contents/Managed'
Mono path[1] = '/Applications/Unity/Hub/Editor/2020.2.2f1/Unity.app/Contents/MonoBleedingEdge/lib/mono/unityjit'
Mono config path = '/Applications/Unity/Hub/Editor/2020.2.2f1/Unity.app/Contents/MonoBleedingEdge/etc'
Using monoOptions --debugger-agent=transport=dt_socket,embedding=1,server=y,suspend=n,address=127.0.0.1:56500
Begin MonoManager ReloadAssembly
Registering precompiled unity dll's ...
Register platform support module: /Applications/Unity/Hub/Editor/2020.2.2f1/Unity.app/Contents/PlaybackEngines/MacStandaloneSupport/UnityEditor.OSXStandalone.Extensions.dll
Registered in 0.008119 seconds.
Native extension for OSXStandalone target not found
Refreshing native plugins compatible for Editor in 527.61 ms, found 1 plugins.
Preloading 0 native plugins for Editor in 0.00 ms.
Invoked RoslynAnalysisRunner static constructor.
RoslynAnalysisRunner will not be running.
RoslynAnalysisRunner has terminated.
Mono: successfully reloaded assembly
- Completed reload, in 14.535 seconds
Platform modules already initialized, skipping
Registering precompiled user dll's ...
Registered in 0.123380 seconds.
Begin MonoManager ReloadAssembly
Native extension for OSXStandalone target not found
Refreshing native plugins compatible for Editor in 0.65 ms, found 1 plugins.
Preloading 0 native plugins for Editor in 0.00 ms.
Invoked RoslynAnalysisRunner static constructor.
RoslynAnalysisRunner will not be running.
RoslynAnalysisRunner has terminated.
Mono: successfully reloaded assembly
- Completed reload, in  2.205 seconds
Platform modules already initialized, skipping
========================================================================
Worker process is ready to serve import requests
Launching external process: /Applications/Unity/Hub/Editor/2020.2.2f1/Unity.app/Contents/Tools/UnityShaderCompiler
Launched and connected shader compiler UnityShaderCompiler after 0.05 seconds
Refreshing native plugins compatible for Editor in 0.69 ms, found 1 plugins.
Preloading 0 native plugins for Editor in 0.00 ms.
Unloading 1494 Unused Serialized files (Serialized files now loaded: 0)
System memory in use before: 124.1 MB.
System memory in use after: 124.2 MB.

Unloading 33 unused Assets to reduce memory usage. Loaded Objects now: 1921.
Total: 4.493607 ms (FindLiveObjects: 0.360000 ms CreateObjectMapping: 0.104786 ms MarkObjects: 3.851429 ms  DeleteObjects: 0.175088 ms)

========================================================================
Received Import Request.
  path: Assets/Readme.asset
  artifactKey: Guid(83c2ed844a8c74b779a4c823d16594b1) Importer(815301076,1909f56bfc062723c751e8b465ee728b)
Start importing Assets/Readme.asset using Guid(83c2ed844a8c74b779a4c823d16594b1) Importer(815301076,1909f56bfc062723c751e8b465ee728b)  -> (artifact id: '8460031099a9da2f2a287df3fb48b013') in 2.081215 seconds
  Import took 2.090229 seconds .

